RUN	computerdatabase.ComputerDatabaseSimulation	computerdatabasesimulation	1718105851115	 	3.11.3
USER	Users	START	1718105851577
USER	Admins	START	1718105851577
REQUEST		Home	1718105851514	1718105851972	OK	 
REQUEST		Home	1718105851514	1718105851998	OK	 
REQUEST		Home Redirect 1	1718105851982	1718105852116	OK	 
REQUEST		Home Redirect 1	1718105851998	1718105852141	OK	 
USER	Users	START	1718105852498
REQUEST		Home	1718105852497	1718105852901	OK	 
REQUEST		Home Redirect 1	1718105852901	1718105853038	OK	 
REQUEST		Search	1718105853142	1718105853281	OK	 
REQUEST		Search	1718105853130	1718105853260	OK	 
USER	Users	START	1718105853500
REQUEST		Home	1718105853499	1718105853899	OK	 
REQUEST		Home Redirect 1	1718105853900	1718105854037	OK	 
REQUEST		Search	1718105854040	1718105854174	OK	 
REQUEST		Select	1718105854336	1718105854466	OK	 
REQUEST		Select	1718105854335	1718105854472	OK	 
USER	Users	START	1718105854493
REQUEST		Home	1718105854492	1718105854893	OK	 
REQUEST		Home Redirect 1	1718105854893	1718105855031	OK	 
REQUEST		Search	1718105855039	1718105855173	OK	 
REQUEST		Select	1718105855178	1718105855312	OK	 
USER	Users	START	1718105855493
REQUEST		Page 0	1718105855472	1718105855602	OK	 
REQUEST		Page 0	1718105855474	1718105855613	OK	 
REQUEST		Home	1718105855493	1718105855905	OK	 
REQUEST		Home Redirect 1	1718105855905	1718105856047	OK	 
REQUEST		Search	1718105856032	1718105856166	OK	 
REQUEST		Select	1718105856176	1718105856309	OK	 
REQUEST		Page 0	1718105856314	1718105856447	OK	 
USER	Users	START	1718105856493
USER	Admins	START	1718105856493
REQUEST		Page 1	1718105856605	1718105856740	OK	 
REQUEST		Page 1	1718105856614	1718105856752	OK	 
REQUEST		Home	1718105856492	1718105856896	OK	 
REQUEST		Home	1718105856492	1718105856905	OK	 
REQUEST		Home Redirect 1	1718105856896	1718105857033	OK	 
REQUEST		Home Redirect 1	1718105856905	1718105857045	OK	 
REQUEST		Search	1718105857049	1718105857190	OK	 
REQUEST		Select	1718105857170	1718105857303	OK	 
REQUEST		Page 0	1718105857311	1718105857445	OK	 
USER	Users	START	1718105857494
REQUEST		Page 1	1718105857449	1718105857583	OK	 
REQUEST		Page 2	1718105857741	1718105857871	OK	 
REQUEST		Page 2	1718105857753	1718105857891	OK	 
REQUEST		Home	1718105857493	1718105857894	OK	 
REQUEST		Home Redirect 1	1718105857895	1718105858032	OK	 
REQUEST		Search	1718105858035	1718105858169	OK	 
REQUEST		Search	1718105858047	1718105858184	OK	 
REQUEST		Select	1718105858193	1718105858330	OK	 
REQUEST		Page 0	1718105858304	1718105858438	OK	 
USER	Users	START	1718105858493
REQUEST		Page 1	1718105858446	1718105858580	OK	 
REQUEST		Page 2	1718105858584	1718105858718	OK	 
REQUEST		Home	1718105858492	1718105858894	OK	 
REQUEST		Page 3	1718105858872	1718105859002	OK	 
REQUEST		Page 3	1718105858892	1718105859029	OK	 
REQUEST		Home Redirect 1	1718105858894	1718105859031	OK	 
REQUEST		Search	1718105859034	1718105859168	OK	 
REQUEST		Select	1718105859172	1718105859305	OK	 
REQUEST		Select	1718105859186	1718105859323	OK	 
REQUEST		Page 0	1718105859331	1718105859468	OK	 
USER	Users	START	1718105859493
REQUEST		Page 1	1718105859440	1718105859573	OK	 
REQUEST		Page 2	1718105859581	1718105859717	OK	 
REQUEST		Page 3	1718105859719	1718105859852	OK	 
REQUEST		Home	1718105859492	1718105859882	OK	 
REQUEST		Home Redirect 1	1718105859882	1718105860015	OK	 
USER	Users	END	1718105860033
REQUEST		Form	1718105860004	1718105860133	OK	 
REQUEST		Search	1718105860033	1718105860167	OK	 
REQUEST		Select	1718105860171	1718105860304	OK	 
REQUEST		Page 0	1718105860307	1718105860440	OK	 
REQUEST		Page 0	1718105860324	1718105860464	OK	 
USER	Users	START	1718105860493
REQUEST		Page 1	1718105860469	1718105860606	OK	 
REQUEST		Page 2	1718105860574	1718105860708	OK	 
REQUEST		Page 3	1718105860718	1718105860852	OK	 
USER	Users	END	1718105860854
REQUEST		Home	1718105860492	1718105860905	OK	 
REQUEST		Home Redirect 1	1718105860905	1718105861044	OK	 
REQUEST		Search	1718105861017	1718105861147	OK	 
REQUEST		Post	1718105861138	1718105861268	OK	 
REQUEST		Select	1718105861170	1718105861303	OK	 
REQUEST		Post Redirect 1	1718105861276	1718105861406	KO	status.find.is(201), but actually found 200
REQUEST		Page 0	1718105861306	1718105861439	OK	 
REQUEST		Form	1718105861418	1718105861548	OK	 
REQUEST		Page 1	1718105861442	1718105861575	OK	 
REQUEST		Page 1	1718105861466	1718105861602	OK	 
REQUEST		Page 2	1718105861607	1718105861745	OK	 
REQUEST		Page 3	1718105861708	1718105861842	OK	 
USER	Users	END	1718105861853
REQUEST		Search	1718105862046	1718105862184	OK	 
REQUEST		Select	1718105862149	1718105862279	OK	 
REQUEST		Page 0	1718105862304	1718105862439	OK	 
REQUEST		Page 1	1718105862441	1718105862575	OK	 
REQUEST		Post	1718105862549	1718105862678	OK	 
REQUEST		Page 2	1718105862576	1718105862709	OK	 
REQUEST		Page 2	1718105862603	1718105862740	OK	 
REQUEST		Post Redirect 1	1718105862679	1718105862808	KO	status.find.is(201), but actually found 200
USER	Admins	END	1718105862810
USER	Users	END	1718105862843
REQUEST		Page 3	1718105862746	1718105862883	OK	 
REQUEST		Select	1718105863186	1718105863324	OK	 
REQUEST		Page 0	1718105863281	1718105863411	OK	 
REQUEST		Page 1	1718105863441	1718105863575	OK	 
REQUEST		Page 2	1718105863576	1718105863709	OK	 
REQUEST		Page 3	1718105863710	1718105863843	OK	 
REQUEST		Page 3	1718105863741	1718105863878	OK	 
USER	Users	END	1718105863884
REQUEST		Page 0	1718105864325	1718105864463	OK	 
REQUEST		Page 1	1718105864413	1718105864542	OK	 
REQUEST		Page 2	1718105864575	1718105864709	OK	 
USER	Users	END	1718105864845
REQUEST		Page 3	1718105864710	1718105864845	OK	 
REQUEST		Form	1718105864879	1718105865016	OK	 
REQUEST		Page 1	1718105865464	1718105865601	OK	 
REQUEST		Page 2	1718105865543	1718105865673	OK	 
REQUEST		Page 3	1718105865710	1718105865844	OK	 
USER	Users	END	1718105865846
REQUEST		Post	1718105866018	1718105866154	OK	 
REQUEST		Post Redirect 1	1718105866155	1718105866292	KO	status.find.is(201), but actually found 200
REQUEST		Form	1718105866293	1718105866430	OK	 
REQUEST		Page 2	1718105866602	1718105866739	OK	 
REQUEST		Page 3	1718105866674	1718105866806	OK	 
USER	Users	END	1718105866845
REQUEST		Post	1718105867432	1718105867568	OK	 
REQUEST		Post Redirect 1	1718105867569	1718105867706	KO	status.find.is(201), but actually found 200
USER	Admins	END	1718105867707
USER	Users	END	1718105867807
REQUEST		Page 3	1718105867740	1718105867878	OK	 
USER	Users	END	1718105868879
