RUN	computerdatabase.ComputerDatabaseSimulation	computerdatabasesimulation	1718105607860	 	3.11.3
USER	Users	START	1718105608376
USER	Admins	START	1718105608376
REQUEST		Home	1718105608325	1718105608796	OK	 
REQUEST		Home	1718105608324	1718105608792	OK	 
REQUEST		Home Redirect 1	1718105608803	1718105608950	OK	 
REQUEST		Home Redirect 1	1718105608803	1718105608951	OK	 
USER	Users	START	1718105609309
REQUEST		Home	1718105609308	1718105609717	OK	 
REQUEST		Home Redirect 1	1718105609717	1718105609861	OK	 
REQUEST		Search	1718105609966	1718105610109	OK	 
REQUEST		Search	1718105609966	1718105610110	OK	 
USER	Users	START	1718105610310
REQUEST		Home	1718105610309	1718105610726	OK	 
REQUEST		Home Redirect 1	1718105610726	1718105610872	OK	 
REQUEST		Search	1718105610862	1718105611002	OK	 
USER	Users	START	1718105611306
REQUEST		Select	1718105611184	1718105611331	OK	 
REQUEST		Select	1718105611184	1718105611333	OK	 
REQUEST		Home	1718105611305	1718105611706	OK	 
REQUEST		Home Redirect 1	1718105611706	1718105611849	OK	 
REQUEST		Search	1718105611873	1718105612012	OK	 
REQUEST		Select	1718105612009	1718105612149	OK	 
USER	Users	START	1718105612306
REQUEST		Page 0	1718105612335	1718105612472	OK	 
REQUEST		Page 0	1718105612335	1718105612473	OK	 
REQUEST		Home	1718105612305	1718105612717	OK	 
REQUEST		Home Redirect 1	1718105612717	1718105612859	OK	 
REQUEST		Search	1718105612851	1718105612985	OK	 
REQUEST		Select	1718105613017	1718105613154	OK	 
REQUEST		Page 0	1718105613151	1718105613285	OK	 
USER	Admins	START	1718105613306
USER	Users	START	1718105613306
REQUEST		Page 1	1718105613475	1718105613612	OK	 
REQUEST		Page 1	1718105613475	1718105613612	OK	 
REQUEST		Home	1718105613305	1718105613696	OK	 
REQUEST		Home	1718105613305	1718105613714	OK	 
REQUEST		Home Redirect 1	1718105613696	1718105613830	OK	 
REQUEST		Home Redirect 1	1718105613715	1718105613856	OK	 
REQUEST		Search	1718105613860	1718105613997	OK	 
REQUEST		Select	1718105613989	1718105614123	OK	 
REQUEST		Page 0	1718105614156	1718105614293	OK	 
USER	Users	START	1718105614306
REQUEST		Page 1	1718105614287	1718105614421	OK	 
REQUEST		Home	1718105614305	1718105614706	OK	 
REQUEST		Page 2	1718105614613	1718105614750	OK	 
REQUEST		Page 2	1718105614613	1718105614750	OK	 
REQUEST		Home Redirect 1	1718105614706	1718105614847	OK	 
REQUEST		Search	1718105614831	1718105614962	OK	 
REQUEST		Search	1718105614858	1718105614995	OK	 
REQUEST		Select	1718105615000	1718105615137	OK	 
REQUEST		Page 0	1718105615124	1718105615259	OK	 
USER	Users	START	1718105615306
REQUEST		Page 1	1718105615295	1718105615432	OK	 
REQUEST		Page 2	1718105615422	1718105615556	OK	 
REQUEST		Home	1718105615305	1718105615704	OK	 
REQUEST		Home Redirect 1	1718105615704	1718105615843	OK	 
REQUEST		Page 3	1718105615751	1718105615889	OK	 
REQUEST		Page 3	1718105615751	1718105615889	OK	 
REQUEST		Search	1718105615849	1718105615984	OK	 
REQUEST		Select	1718105615966	1718105616096	OK	 
REQUEST		Select	1718105615998	1718105616135	OK	 
REQUEST		Page 0	1718105616138	1718105616276	OK	 
USER	Users	START	1718105616305
REQUEST		Page 1	1718105616261	1718105616396	OK	 
REQUEST		Page 2	1718105616433	1718105616571	OK	 
REQUEST		Page 3	1718105616557	1718105616690	OK	 
REQUEST		Home	1718105616305	1718105616711	OK	 
REQUEST		Home Redirect 1	1718105616712	1718105616855	OK	 
USER	Users	END	1718105616893
REQUEST		Search	1718105616845	1718105616981	OK	 
REQUEST		Form	1718105616891	1718105617029	OK	 
REQUEST		Select	1718105616987	1718105617125	OK	 
REQUEST		Page 0	1718105617098	1718105617228	OK	 
REQUEST		Page 0	1718105617136	1718105617272	OK	 
USER	Users	START	1718105617306
REQUEST		Page 1	1718105617278	1718105617415	OK	 
REQUEST		Page 2	1718105617396	1718105617529	OK	 
USER	Users	END	1718105617691
REQUEST		Home	1718105617305	1718105617705	OK	 
REQUEST		Page 3	1718105617572	1718105617709	OK	 
REQUEST		Home Redirect 1	1718105617706	1718105617842	OK	 
REQUEST		Search	1718105617856	1718105617996	OK	 
REQUEST		Select	1718105617984	1718105618120	OK	 
REQUEST		Post	1718105618033	1718105618169	OK	 
REQUEST		Page 0	1718105618126	1718105618257	OK	 
REQUEST		Post Redirect 1	1718105618177	1718105618314	KO	status.find.is(201), but actually found 200
REQUEST		Page 1	1718105618229	1718105618360	OK	 
REQUEST		Page 1	1718105618276	1718105618412	OK	 
REQUEST		Form	1718105618322	1718105618458	OK	 
REQUEST		Page 2	1718105618416	1718105618554	OK	 
REQUEST		Page 3	1718105618530	1718105618663	OK	 
USER	Users	END	1718105618711
REQUEST		Search	1718105618844	1718105618978	OK	 
REQUEST		Select	1718105618998	1718105619135	OK	 
REQUEST		Page 0	1718105619121	1718105619251	OK	 
REQUEST		Page 1	1718105619259	1718105619390	OK	 
REQUEST		Page 2	1718105619361	1718105619491	OK	 
REQUEST		Page 2	1718105619413	1718105619550	OK	 
REQUEST		Post	1718105619459	1718105619595	OK	 
USER	Users	END	1718105619665
REQUEST		Page 3	1718105619555	1718105619691	OK	 
REQUEST		Post Redirect 1	1718105619595	1718105619732	OK	 
USER	Admins	END	1718105619734
REQUEST		Select	1718105619980	1718105620112	OK	 
REQUEST		Page 0	1718105620137	1718105620274	OK	 
REQUEST		Page 1	1718105620252	1718105620382	OK	 
REQUEST		Page 2	1718105620391	1718105620522	OK	 
REQUEST		Page 3	1718105620491	1718105620621	OK	 
REQUEST		Page 3	1718105620551	1718105620686	OK	 
USER	Users	END	1718105620693
REQUEST		Page 0	1718105621114	1718105621247	OK	 
REQUEST		Page 1	1718105621275	1718105621414	OK	 
REQUEST		Page 2	1718105621383	1718105621513	OK	 
REQUEST		Page 3	1718105621523	1718105621653	OK	 
USER	Users	END	1718105621687
REQUEST		Form	1718105621622	1718105621752	OK	 
REQUEST		Page 1	1718105622249	1718105622382	OK	 
REQUEST		Page 2	1718105622415	1718105622554	OK	 
REQUEST		Page 3	1718105622514	1718105622645	OK	 
USER	Users	END	1718105622655
REQUEST		Post	1718105622753	1718105622882	OK	 
REQUEST		Post Redirect 1	1718105622882	1718105623013	KO	status.find.is(201), but actually found 200
REQUEST		Form	1718105623014	1718105623143	OK	 
REQUEST		Page 2	1718105623383	1718105623517	OK	 
USER	Users	END	1718105623647
REQUEST		Page 3	1718105623555	1718105623693	OK	 
REQUEST		Post	1718105624145	1718105624274	OK	 
REQUEST		Post Redirect 1	1718105624275	1718105624404	OK	 
USER	Admins	END	1718105624405
REQUEST		Page 3	1718105624518	1718105624651	OK	 
USER	Users	END	1718105624694
USER	Users	END	1718105625652
